<?xml version="1.0" encoding="UTF-8"?>
<testsuite name="cl.ejercicio.utilities.exceptions.ExceptionHandlerResponseTest" tests="1" skipped="0" failures="0" errors="0" timestamp="2023-11-25T21:41:35" hostname="DESKTOP-88HNFHF" time="0.003">
  <properties/>
  <testcase name="getMessage" classname="cl.ejercicio.utilities.exceptions.ExceptionHandlerResponseTest" time="0.003"/>
  <system-out><![CDATA[18:41:35.235 [Test worker] DEBUG org.springframework.test.context.junit4.SpringJUnit4ClassRunner - SpringJUnit4ClassRunner constructor called with [class cl.ejercicio.utilities.exceptions.ExceptionHandlerResponseTest]
18:41:35.235 [Test worker] DEBUG org.springframework.test.context.BootstrapUtils - Instantiating CacheAwareContextLoaderDelegate from class [org.springframework.test.context.cache.DefaultCacheAwareContextLoaderDelegate]
18:41:35.235 [Test worker] DEBUG org.springframework.test.context.BootstrapUtils - Instantiating BootstrapContext using constructor [public org.springframework.test.context.support.DefaultBootstrapContext(java.lang.Class,org.springframework.test.context.CacheAwareContextLoaderDelegate)]
18:41:35.235 [Test worker] DEBUG org.springframework.test.context.BootstrapUtils - Instantiating TestContextBootstrapper for test class [cl.ejercicio.utilities.exceptions.ExceptionHandlerResponseTest] from class [org.springframework.test.context.support.DefaultTestContextBootstrapper]
18:41:35.235 [Test worker] INFO org.springframework.test.context.support.DefaultTestContextBootstrapper - Neither @ContextConfiguration nor @ContextHierarchy found for test class [cl.ejercicio.utilities.exceptions.ExceptionHandlerResponseTest], using DelegatingSmartContextLoader
18:41:35.236 [Test worker] DEBUG org.springframework.test.context.support.AbstractDelegatingSmartContextLoader - Delegating to GenericXmlContextLoader to process context configuration [ContextConfigurationAttributes@6377169e declaringClass = 'cl.ejercicio.utilities.exceptions.ExceptionHandlerResponseTest', classes = '{}', locations = '{}', inheritLocations = false, initializers = '{}', inheritInitializers = true, name = [null], contextLoaderClass = 'org.springframework.test.context.ContextLoader'].
18:41:35.236 [Test worker] DEBUG org.springframework.test.context.support.AbstractContextLoader - Did not detect default resource location for test class [cl.ejercicio.utilities.exceptions.ExceptionHandlerResponseTest]: class path resource [cl/ejercicio/utilities/exceptions/ExceptionHandlerResponseTest-context.xml] does not exist
18:41:35.236 [Test worker] INFO org.springframework.test.context.support.AbstractContextLoader - Could not detect default resource locations for test class [cl.ejercicio.utilities.exceptions.ExceptionHandlerResponseTest]: no resource found for suffixes {-context.xml}.
18:41:35.236 [Test worker] DEBUG org.springframework.test.context.support.AbstractDelegatingSmartContextLoader - Delegating to AnnotationConfigContextLoader to process context configuration [ContextConfigurationAttributes@6377169e declaringClass = 'cl.ejercicio.utilities.exceptions.ExceptionHandlerResponseTest', classes = '{}', locations = '{}', inheritLocations = false, initializers = '{}', inheritInitializers = true, name = [null], contextLoaderClass = 'org.springframework.test.context.ContextLoader'].
18:41:35.236 [Test worker] INFO org.springframework.test.context.support.AnnotationConfigContextLoaderUtils - Could not detect default configuration classes for test class [cl.ejercicio.utilities.exceptions.ExceptionHandlerResponseTest]: ExceptionHandlerResponseTest does not declare any static, non-private, non-final, nested classes annotated with @Configuration.
18:41:35.237 [Test worker] DEBUG org.springframework.test.context.support.ActiveProfilesUtils - Could not find an 'annotation declaring class' for annotation type [org.springframework.test.context.ActiveProfiles] and class [cl.ejercicio.utilities.exceptions.ExceptionHandlerResponseTest]
18:41:35.237 [Test worker] DEBUG org.springframework.test.context.support.DefaultTestContextBootstrapper - @TestExecutionListeners is not present for class [cl.ejercicio.utilities.exceptions.ExceptionHandlerResponseTest]: using defaults.
18:41:35.237 [Test worker] INFO org.springframework.test.context.support.DefaultTestContextBootstrapper - Loaded default TestExecutionListener class names from location [META-INF/spring.factories]: [org.springframework.boot.test.autoconfigure.restdocs.RestDocsTestExecutionListener, org.springframework.boot.test.autoconfigure.web.client.MockRestServiceServerResetTestExecutionListener, org.springframework.boot.test.autoconfigure.web.servlet.MockMvcPrintOnlyOnFailureTestExecutionListener, org.springframework.boot.test.autoconfigure.web.servlet.WebDriverTestExecutionListener, org.springframework.boot.test.mock.mockito.MockitoTestExecutionListener, org.springframework.boot.test.mock.mockito.ResetMocksTestExecutionListener, org.springframework.test.context.web.ServletTestExecutionListener, org.springframework.test.context.support.DirtiesContextBeforeModesTestExecutionListener, org.springframework.test.context.support.DependencyInjectionTestExecutionListener, org.springframework.test.context.support.DirtiesContextTestExecutionListener, org.springframework.test.context.transaction.TransactionalTestExecutionListener, org.springframework.test.context.jdbc.SqlScriptsTestExecutionListener]
18:41:35.237 [Test worker] INFO org.springframework.test.context.support.DefaultTestContextBootstrapper - Using TestExecutionListeners: [org.springframework.test.context.web.ServletTestExecutionListener@16066015, org.springframework.test.context.support.DirtiesContextBeforeModesTestExecutionListener@fa00182, org.springframework.boot.test.mock.mockito.MockitoTestExecutionListener@764fb341, org.springframework.test.context.support.DependencyInjectionTestExecutionListener@2dd788f0, org.springframework.test.context.support.DirtiesContextTestExecutionListener@8f45397, org.springframework.test.context.transaction.TransactionalTestExecutionListener@7d7ff1a, org.springframework.test.context.jdbc.SqlScriptsTestExecutionListener@c89911a, org.springframework.boot.test.autoconfigure.restdocs.RestDocsTestExecutionListener@1d081873, org.springframework.boot.test.autoconfigure.web.client.MockRestServiceServerResetTestExecutionListener@374a88ae, org.springframework.boot.test.autoconfigure.web.servlet.MockMvcPrintOnlyOnFailureTestExecutionListener@fdd9e72, org.springframework.boot.test.autoconfigure.web.servlet.WebDriverTestExecutionListener@4f1cdfd2, org.springframework.boot.test.mock.mockito.ResetMocksTestExecutionListener@120a8dc2]
18:41:35.237 [Test worker] DEBUG org.springframework.test.annotation.ProfileValueUtils - Retrieved @ProfileValueSourceConfiguration [null] for test class [cl.ejercicio.utilities.exceptions.ExceptionHandlerResponseTest]
18:41:35.237 [Test worker] DEBUG org.springframework.test.annotation.ProfileValueUtils - Retrieved ProfileValueSource type [class org.springframework.test.annotation.SystemProfileValueSource] for class [cl.ejercicio.utilities.exceptions.ExceptionHandlerResponseTest]
18:41:35.238 [Test worker] DEBUG org.springframework.test.annotation.ProfileValueUtils - Retrieved @ProfileValueSourceConfiguration [null] for test class [cl.ejercicio.utilities.exceptions.ExceptionHandlerResponseTest]
18:41:35.238 [Test worker] DEBUG org.springframework.test.annotation.ProfileValueUtils - Retrieved ProfileValueSource type [class org.springframework.test.annotation.SystemProfileValueSource] for class [cl.ejercicio.utilities.exceptions.ExceptionHandlerResponseTest]
18:41:35.238 [Test worker] DEBUG org.springframework.test.context.support.AbstractDirtiesContextTestExecutionListener - Before test class: context [DefaultTestContext@71e678d5 testClass = ExceptionHandlerResponseTest, testInstance = [null], testMethod = [null], testException = [null], mergedContextConfiguration = [MergedContextConfiguration@122b4695 testClass = ExceptionHandlerResponseTest, locations = '{}', classes = '{}', contextInitializerClasses = '[]', activeProfiles = '{}', propertySourceLocations = '{}', propertySourceProperties = '{}', contextCustomizers = set[org.springframework.boot.test.autoconfigure.properties.PropertyMappingContextCustomizer@0, org.springframework.boot.test.autoconfigure.web.servlet.WebDriverContextCustomizerFactory$Customizer@1906dc24, org.springframework.boot.test.context.filter.ExcludeFilterContextCustomizer@6b8c9445, org.springframework.boot.test.json.DuplicateJsonObjectContextCustomizerFactory$DuplicateJsonObjectContextCustomizer@78dbab1e, org.springframework.boot.test.mock.mockito.MockitoContextCustomizer@0], contextLoader = 'org.springframework.test.context.support.DelegatingSmartContextLoader', parent = [null]], attributes = map[[empty]]], class annotated with @DirtiesContext [false] with mode [null].
18:41:35.238 [Test worker] DEBUG org.springframework.test.annotation.ProfileValueUtils - Retrieved @ProfileValueSourceConfiguration [null] for test class [cl.ejercicio.utilities.exceptions.ExceptionHandlerResponseTest]
18:41:35.238 [Test worker] DEBUG org.springframework.test.annotation.ProfileValueUtils - Retrieved ProfileValueSource type [class org.springframework.test.annotation.SystemProfileValueSource] for class [cl.ejercicio.utilities.exceptions.ExceptionHandlerResponseTest]
18:41:35.238 [Test worker] DEBUG org.springframework.test.context.support.DependencyInjectionTestExecutionListener - Performing dependency injection for test context [[DefaultTestContext@71e678d5 testClass = ExceptionHandlerResponseTest, testInstance = cl.ejercicio.utilities.exceptions.ExceptionHandlerResponseTest@3be0e94d, testMethod = [null], testException = [null], mergedContextConfiguration = [MergedContextConfiguration@122b4695 testClass = ExceptionHandlerResponseTest, locations = '{}', classes = '{}', contextInitializerClasses = '[]', activeProfiles = '{}', propertySourceLocations = '{}', propertySourceProperties = '{}', contextCustomizers = set[org.springframework.boot.test.autoconfigure.properties.PropertyMappingContextCustomizer@0, org.springframework.boot.test.autoconfigure.web.servlet.WebDriverContextCustomizerFactory$Customizer@1906dc24, org.springframework.boot.test.context.filter.ExcludeFilterContextCustomizer@6b8c9445, org.springframework.boot.test.json.DuplicateJsonObjectContextCustomizerFactory$DuplicateJsonObjectContextCustomizer@78dbab1e, org.springframework.boot.test.mock.mockito.MockitoContextCustomizer@0], contextLoader = 'org.springframework.test.context.support.DelegatingSmartContextLoader', parent = [null]], attributes = map[[empty]]]].
18:41:35.238 [Test worker] DEBUG org.springframework.test.context.cache.DefaultCacheAwareContextLoaderDelegate - Retrieved ApplicationContext from cache with key [[MergedContextConfiguration@122b4695 testClass = ExceptionHandlerResponseTest, locations = '{}', classes = '{}', contextInitializerClasses = '[]', activeProfiles = '{}', propertySourceLocations = '{}', propertySourceProperties = '{}', contextCustomizers = set[org.springframework.boot.test.autoconfigure.properties.PropertyMappingContextCustomizer@0, org.springframework.boot.test.autoconfigure.web.servlet.WebDriverContextCustomizerFactory$Customizer@1906dc24, org.springframework.boot.test.context.filter.ExcludeFilterContextCustomizer@6b8c9445, org.springframework.boot.test.json.DuplicateJsonObjectContextCustomizerFactory$DuplicateJsonObjectContextCustomizer@78dbab1e, org.springframework.boot.test.mock.mockito.MockitoContextCustomizer@0], contextLoader = 'org.springframework.test.context.support.DelegatingSmartContextLoader', parent = [null]]]
18:41:35.238 [Test worker] DEBUG org.springframework.test.context.cache - Spring test ApplicationContext cache statistics: [DefaultContextCache@20b8af0e size = 2, maxSize = 32, parentContextCount = 0, hitCount = 26, missCount = 2]
18:41:35.240 [Test worker] DEBUG org.springframework.test.context.support.AbstractDirtiesContextTestExecutionListener - Before test method: context [DefaultTestContext@71e678d5 testClass = ExceptionHandlerResponseTest, testInstance = cl.ejercicio.utilities.exceptions.ExceptionHandlerResponseTest@3be0e94d, testMethod = getMessage@ExceptionHandlerResponseTest, testException = [null], mergedContextConfiguration = [MergedContextConfiguration@122b4695 testClass = ExceptionHandlerResponseTest, locations = '{}', classes = '{}', contextInitializerClasses = '[]', activeProfiles = '{}', propertySourceLocations = '{}', propertySourceProperties = '{}', contextCustomizers = set[org.springframework.boot.test.autoconfigure.properties.PropertyMappingContextCustomizer@0, org.springframework.boot.test.autoconfigure.web.servlet.WebDriverContextCustomizerFactory$Customizer@1906dc24, org.springframework.boot.test.context.filter.ExcludeFilterContextCustomizer@6b8c9445, org.springframework.boot.test.json.DuplicateJsonObjectContextCustomizerFactory$DuplicateJsonObjectContextCustomizer@78dbab1e, org.springframework.boot.test.mock.mockito.MockitoContextCustomizer@0], contextLoader = 'org.springframework.test.context.support.DelegatingSmartContextLoader', parent = [null]], attributes = map[[empty]]], class annotated with @DirtiesContext [false] with mode [null], method annotated with @DirtiesContext [false] with mode [null].
18:41:35.240 [Test worker] DEBUG org.springframework.test.context.cache.DefaultCacheAwareContextLoaderDelegate - Retrieved ApplicationContext from cache with key [[MergedContextConfiguration@122b4695 testClass = ExceptionHandlerResponseTest, locations = '{}', classes = '{}', contextInitializerClasses = '[]', activeProfiles = '{}', propertySourceLocations = '{}', propertySourceProperties = '{}', contextCustomizers = set[org.springframework.boot.test.autoconfigure.properties.PropertyMappingContextCustomizer@0, org.springframework.boot.test.autoconfigure.web.servlet.WebDriverContextCustomizerFactory$Customizer@1906dc24, org.springframework.boot.test.context.filter.ExcludeFilterContextCustomizer@6b8c9445, org.springframework.boot.test.json.DuplicateJsonObjectContextCustomizerFactory$DuplicateJsonObjectContextCustomizer@78dbab1e, org.springframework.boot.test.mock.mockito.MockitoContextCustomizer@0], contextLoader = 'org.springframework.test.context.support.DelegatingSmartContextLoader', parent = [null]]]
18:41:35.240 [Test worker] DEBUG org.springframework.test.context.cache - Spring test ApplicationContext cache statistics: [DefaultContextCache@20b8af0e size = 2, maxSize = 32, parentContextCount = 0, hitCount = 27, missCount = 2]
18:41:35.241 [Test worker] DEBUG org.springframework.test.context.cache.DefaultCacheAwareContextLoaderDelegate - Retrieved ApplicationContext from cache with key [[MergedContextConfiguration@122b4695 testClass = ExceptionHandlerResponseTest, locations = '{}', classes = '{}', contextInitializerClasses = '[]', activeProfiles = '{}', propertySourceLocations = '{}', propertySourceProperties = '{}', contextCustomizers = set[org.springframework.boot.test.autoconfigure.properties.PropertyMappingContextCustomizer@0, org.springframework.boot.test.autoconfigure.web.servlet.WebDriverContextCustomizerFactory$Customizer@1906dc24, org.springframework.boot.test.context.filter.ExcludeFilterContextCustomizer@6b8c9445, org.springframework.boot.test.json.DuplicateJsonObjectContextCustomizerFactory$DuplicateJsonObjectContextCustomizer@78dbab1e, org.springframework.boot.test.mock.mockito.MockitoContextCustomizer@0], contextLoader = 'org.springframework.test.context.support.DelegatingSmartContextLoader', parent = [null]]]
18:41:35.241 [Test worker] DEBUG org.springframework.test.context.cache - Spring test ApplicationContext cache statistics: [DefaultContextCache@20b8af0e size = 2, maxSize = 32, parentContextCount = 0, hitCount = 28, missCount = 2]
18:41:35.241 [Test worker] DEBUG org.springframework.test.context.cache.DefaultCacheAwareContextLoaderDelegate - Retrieved ApplicationContext from cache with key [[MergedContextConfiguration@122b4695 testClass = ExceptionHandlerResponseTest, locations = '{}', classes = '{}', contextInitializerClasses = '[]', activeProfiles = '{}', propertySourceLocations = '{}', propertySourceProperties = '{}', contextCustomizers = set[org.springframework.boot.test.autoconfigure.properties.PropertyMappingContextCustomizer@0, org.springframework.boot.test.autoconfigure.web.servlet.WebDriverContextCustomizerFactory$Customizer@1906dc24, org.springframework.boot.test.context.filter.ExcludeFilterContextCustomizer@6b8c9445, org.springframework.boot.test.json.DuplicateJsonObjectContextCustomizerFactory$DuplicateJsonObjectContextCustomizer@78dbab1e, org.springframework.boot.test.mock.mockito.MockitoContextCustomizer@0], contextLoader = 'org.springframework.test.context.support.DelegatingSmartContextLoader', parent = [null]]]
18:41:35.241 [Test worker] DEBUG org.springframework.test.context.cache - Spring test ApplicationContext cache statistics: [DefaultContextCache@20b8af0e size = 2, maxSize = 32, parentContextCount = 0, hitCount = 29, missCount = 2]
18:41:35.241 [Test worker] DEBUG org.springframework.test.context.cache.DefaultCacheAwareContextLoaderDelegate - Retrieved ApplicationContext from cache with key [[MergedContextConfiguration@122b4695 testClass = ExceptionHandlerResponseTest, locations = '{}', classes = '{}', contextInitializerClasses = '[]', activeProfiles = '{}', propertySourceLocations = '{}', propertySourceProperties = '{}', contextCustomizers = set[org.springframework.boot.test.autoconfigure.properties.PropertyMappingContextCustomizer@0, org.springframework.boot.test.autoconfigure.web.servlet.WebDriverContextCustomizerFactory$Customizer@1906dc24, org.springframework.boot.test.context.filter.ExcludeFilterContextCustomizer@6b8c9445, org.springframework.boot.test.json.DuplicateJsonObjectContextCustomizerFactory$DuplicateJsonObjectContextCustomizer@78dbab1e, org.springframework.boot.test.mock.mockito.MockitoContextCustomizer@0], contextLoader = 'org.springframework.test.context.support.DelegatingSmartContextLoader', parent = [null]]]
18:41:35.241 [Test worker] DEBUG org.springframework.test.context.cache - Spring test ApplicationContext cache statistics: [DefaultContextCache@20b8af0e size = 2, maxSize = 32, parentContextCount = 0, hitCount = 30, missCount = 2]
18:41:35.242 [Test worker] DEBUG org.springframework.test.context.support.AbstractDirtiesContextTestExecutionListener - After test method: context [DefaultTestContext@71e678d5 testClass = ExceptionHandlerResponseTest, testInstance = cl.ejercicio.utilities.exceptions.ExceptionHandlerResponseTest@3be0e94d, testMethod = getMessage@ExceptionHandlerResponseTest, testException = [null], mergedContextConfiguration = [MergedContextConfiguration@122b4695 testClass = ExceptionHandlerResponseTest, locations = '{}', classes = '{}', contextInitializerClasses = '[]', activeProfiles = '{}', propertySourceLocations = '{}', propertySourceProperties = '{}', contextCustomizers = set[org.springframework.boot.test.autoconfigure.properties.PropertyMappingContextCustomizer@0, org.springframework.boot.test.autoconfigure.web.servlet.WebDriverContextCustomizerFactory$Customizer@1906dc24, org.springframework.boot.test.context.filter.ExcludeFilterContextCustomizer@6b8c9445, org.springframework.boot.test.json.DuplicateJsonObjectContextCustomizerFactory$DuplicateJsonObjectContextCustomizer@78dbab1e, org.springframework.boot.test.mock.mockito.MockitoContextCustomizer@0], contextLoader = 'org.springframework.test.context.support.DelegatingSmartContextLoader', parent = [null]], attributes = map[[empty]]], class annotated with @DirtiesContext [false] with mode [null], method annotated with @DirtiesContext [false] with mode [null].
18:41:35.242 [Test worker] DEBUG org.springframework.test.context.support.AbstractDirtiesContextTestExecutionListener - After test class: context [DefaultTestContext@71e678d5 testClass = ExceptionHandlerResponseTest, testInstance = [null], testMethod = [null], testException = [null], mergedContextConfiguration = [MergedContextConfiguration@122b4695 testClass = ExceptionHandlerResponseTest, locations = '{}', classes = '{}', contextInitializerClasses = '[]', activeProfiles = '{}', propertySourceLocations = '{}', propertySourceProperties = '{}', contextCustomizers = set[org.springframework.boot.test.autoconfigure.properties.PropertyMappingContextCustomizer@0, org.springframework.boot.test.autoconfigure.web.servlet.WebDriverContextCustomizerFactory$Customizer@1906dc24, org.springframework.boot.test.context.filter.ExcludeFilterContextCustomizer@6b8c9445, org.springframework.boot.test.json.DuplicateJsonObjectContextCustomizerFactory$DuplicateJsonObjectContextCustomizer@78dbab1e, org.springframework.boot.test.mock.mockito.MockitoContextCustomizer@0], contextLoader = 'org.springframework.test.context.support.DelegatingSmartContextLoader', parent = [null]], attributes = map[[empty]]], class annotated with @DirtiesContext [false] with mode [null].
]]></system-out>
  <system-err><![CDATA[]]></system-err>
</testsuite>
