<?xml version="1.0" encoding="UTF-8"?>
<testsuite name="cl.ejercicio.utilities.exceptions.FieldsErrorsTest" tests="1" skipped="0" failures="0" errors="0" timestamp="2023-11-25T21:41:35" hostname="DESKTOP-88HNFHF" time="0.003">
  <properties/>
  <testcase name="fieldErrorsTest" classname="cl.ejercicio.utilities.exceptions.FieldsErrorsTest" time="0.003"/>
  <system-out><![CDATA[18:41:35.243 [Test worker] DEBUG org.springframework.test.context.junit4.SpringJUnit4ClassRunner - SpringJUnit4ClassRunner constructor called with [class cl.ejercicio.utilities.exceptions.FieldsErrorsTest]
18:41:35.243 [Test worker] DEBUG org.springframework.test.context.BootstrapUtils - Instantiating CacheAwareContextLoaderDelegate from class [org.springframework.test.context.cache.DefaultCacheAwareContextLoaderDelegate]
18:41:35.243 [Test worker] DEBUG org.springframework.test.context.BootstrapUtils - Instantiating BootstrapContext using constructor [public org.springframework.test.context.support.DefaultBootstrapContext(java.lang.Class,org.springframework.test.context.CacheAwareContextLoaderDelegate)]
18:41:35.243 [Test worker] DEBUG org.springframework.test.context.BootstrapUtils - Instantiating TestContextBootstrapper for test class [cl.ejercicio.utilities.exceptions.FieldsErrorsTest] from class [org.springframework.test.context.support.DefaultTestContextBootstrapper]
18:41:35.243 [Test worker] INFO org.springframework.test.context.support.DefaultTestContextBootstrapper - Neither @ContextConfiguration nor @ContextHierarchy found for test class [cl.ejercicio.utilities.exceptions.FieldsErrorsTest], using DelegatingSmartContextLoader
18:41:35.244 [Test worker] DEBUG org.springframework.test.context.support.AbstractDelegatingSmartContextLoader - Delegating to GenericXmlContextLoader to process context configuration [ContextConfigurationAttributes@3f20e8d3 declaringClass = 'cl.ejercicio.utilities.exceptions.FieldsErrorsTest', classes = '{}', locations = '{}', inheritLocations = false, initializers = '{}', inheritInitializers = true, name = [null], contextLoaderClass = 'org.springframework.test.context.ContextLoader'].
18:41:35.244 [Test worker] DEBUG org.springframework.test.context.support.AbstractContextLoader - Did not detect default resource location for test class [cl.ejercicio.utilities.exceptions.FieldsErrorsTest]: class path resource [cl/ejercicio/utilities/exceptions/FieldsErrorsTest-context.xml] does not exist
18:41:35.244 [Test worker] INFO org.springframework.test.context.support.AbstractContextLoader - Could not detect default resource locations for test class [cl.ejercicio.utilities.exceptions.FieldsErrorsTest]: no resource found for suffixes {-context.xml}.
18:41:35.244 [Test worker] DEBUG org.springframework.test.context.support.AbstractDelegatingSmartContextLoader - Delegating to AnnotationConfigContextLoader to process context configuration [ContextConfigurationAttributes@3f20e8d3 declaringClass = 'cl.ejercicio.utilities.exceptions.FieldsErrorsTest', classes = '{}', locations = '{}', inheritLocations = false, initializers = '{}', inheritInitializers = true, name = [null], contextLoaderClass = 'org.springframework.test.context.ContextLoader'].
18:41:35.244 [Test worker] INFO org.springframework.test.context.support.AnnotationConfigContextLoaderUtils - Could not detect default configuration classes for test class [cl.ejercicio.utilities.exceptions.FieldsErrorsTest]: FieldsErrorsTest does not declare any static, non-private, non-final, nested classes annotated with @Configuration.
18:41:35.245 [Test worker] DEBUG org.springframework.test.context.support.ActiveProfilesUtils - Could not find an 'annotation declaring class' for annotation type [org.springframework.test.context.ActiveProfiles] and class [cl.ejercicio.utilities.exceptions.FieldsErrorsTest]
18:41:35.245 [Test worker] DEBUG org.springframework.test.context.support.DefaultTestContextBootstrapper - @TestExecutionListeners is not present for class [cl.ejercicio.utilities.exceptions.FieldsErrorsTest]: using defaults.
18:41:35.245 [Test worker] INFO org.springframework.test.context.support.DefaultTestContextBootstrapper - Loaded default TestExecutionListener class names from location [META-INF/spring.factories]: [org.springframework.boot.test.autoconfigure.restdocs.RestDocsTestExecutionListener, org.springframework.boot.test.autoconfigure.web.client.MockRestServiceServerResetTestExecutionListener, org.springframework.boot.test.autoconfigure.web.servlet.MockMvcPrintOnlyOnFailureTestExecutionListener, org.springframework.boot.test.autoconfigure.web.servlet.WebDriverTestExecutionListener, org.springframework.boot.test.mock.mockito.MockitoTestExecutionListener, org.springframework.boot.test.mock.mockito.ResetMocksTestExecutionListener, org.springframework.test.context.web.ServletTestExecutionListener, org.springframework.test.context.support.DirtiesContextBeforeModesTestExecutionListener, org.springframework.test.context.support.DependencyInjectionTestExecutionListener, org.springframework.test.context.support.DirtiesContextTestExecutionListener, org.springframework.test.context.transaction.TransactionalTestExecutionListener, org.springframework.test.context.jdbc.SqlScriptsTestExecutionListener]
18:41:35.245 [Test worker] INFO org.springframework.test.context.support.DefaultTestContextBootstrapper - Using TestExecutionListeners: [org.springframework.test.context.web.ServletTestExecutionListener@77770e4c, org.springframework.test.context.support.DirtiesContextBeforeModesTestExecutionListener@4be13b6e, org.springframework.boot.test.mock.mockito.MockitoTestExecutionListener@26f53c1b, org.springframework.test.context.support.DependencyInjectionTestExecutionListener@1e2b3e66, org.springframework.test.context.support.DirtiesContextTestExecutionListener@51615681, org.springframework.test.context.transaction.TransactionalTestExecutionListener@13992d88, org.springframework.test.context.jdbc.SqlScriptsTestExecutionListener@1c83ce04, org.springframework.boot.test.autoconfigure.restdocs.RestDocsTestExecutionListener@5b1c0bfc, org.springframework.boot.test.autoconfigure.web.client.MockRestServiceServerResetTestExecutionListener@929b40, org.springframework.boot.test.autoconfigure.web.servlet.MockMvcPrintOnlyOnFailureTestExecutionListener@5a3d13b7, org.springframework.boot.test.autoconfigure.web.servlet.WebDriverTestExecutionListener@584c151a, org.springframework.boot.test.mock.mockito.ResetMocksTestExecutionListener@6334b604]
18:41:35.245 [Test worker] DEBUG org.springframework.test.annotation.ProfileValueUtils - Retrieved @ProfileValueSourceConfiguration [null] for test class [cl.ejercicio.utilities.exceptions.FieldsErrorsTest]
18:41:35.245 [Test worker] DEBUG org.springframework.test.annotation.ProfileValueUtils - Retrieved ProfileValueSource type [class org.springframework.test.annotation.SystemProfileValueSource] for class [cl.ejercicio.utilities.exceptions.FieldsErrorsTest]
18:41:35.245 [Test worker] DEBUG org.springframework.test.annotation.ProfileValueUtils - Retrieved @ProfileValueSourceConfiguration [null] for test class [cl.ejercicio.utilities.exceptions.FieldsErrorsTest]
18:41:35.245 [Test worker] DEBUG org.springframework.test.annotation.ProfileValueUtils - Retrieved ProfileValueSource type [class org.springframework.test.annotation.SystemProfileValueSource] for class [cl.ejercicio.utilities.exceptions.FieldsErrorsTest]
18:41:35.246 [Test worker] DEBUG org.springframework.test.context.support.AbstractDirtiesContextTestExecutionListener - Before test class: context [DefaultTestContext@776869b9 testClass = FieldsErrorsTest, testInstance = [null], testMethod = [null], testException = [null], mergedContextConfiguration = [MergedContextConfiguration@45fa6c48 testClass = FieldsErrorsTest, locations = '{}', classes = '{}', contextInitializerClasses = '[]', activeProfiles = '{}', propertySourceLocations = '{}', propertySourceProperties = '{}', contextCustomizers = set[org.springframework.boot.test.autoconfigure.properties.PropertyMappingContextCustomizer@0, org.springframework.boot.test.autoconfigure.web.servlet.WebDriverContextCustomizerFactory$Customizer@1906dc24, org.springframework.boot.test.context.filter.ExcludeFilterContextCustomizer@6b8c9445, org.springframework.boot.test.json.DuplicateJsonObjectContextCustomizerFactory$DuplicateJsonObjectContextCustomizer@78dbab1e, org.springframework.boot.test.mock.mockito.MockitoContextCustomizer@0], contextLoader = 'org.springframework.test.context.support.DelegatingSmartContextLoader', parent = [null]], attributes = map[[empty]]], class annotated with @DirtiesContext [false] with mode [null].
18:41:35.246 [Test worker] DEBUG org.springframework.test.annotation.ProfileValueUtils - Retrieved @ProfileValueSourceConfiguration [null] for test class [cl.ejercicio.utilities.exceptions.FieldsErrorsTest]
18:41:35.246 [Test worker] DEBUG org.springframework.test.annotation.ProfileValueUtils - Retrieved ProfileValueSource type [class org.springframework.test.annotation.SystemProfileValueSource] for class [cl.ejercicio.utilities.exceptions.FieldsErrorsTest]
18:41:35.246 [Test worker] DEBUG org.springframework.test.context.support.DependencyInjectionTestExecutionListener - Performing dependency injection for test context [[DefaultTestContext@776869b9 testClass = FieldsErrorsTest, testInstance = cl.ejercicio.utilities.exceptions.FieldsErrorsTest@7d264528, testMethod = [null], testException = [null], mergedContextConfiguration = [MergedContextConfiguration@45fa6c48 testClass = FieldsErrorsTest, locations = '{}', classes = '{}', contextInitializerClasses = '[]', activeProfiles = '{}', propertySourceLocations = '{}', propertySourceProperties = '{}', contextCustomizers = set[org.springframework.boot.test.autoconfigure.properties.PropertyMappingContextCustomizer@0, org.springframework.boot.test.autoconfigure.web.servlet.WebDriverContextCustomizerFactory$Customizer@1906dc24, org.springframework.boot.test.context.filter.ExcludeFilterContextCustomizer@6b8c9445, org.springframework.boot.test.json.DuplicateJsonObjectContextCustomizerFactory$DuplicateJsonObjectContextCustomizer@78dbab1e, org.springframework.boot.test.mock.mockito.MockitoContextCustomizer@0], contextLoader = 'org.springframework.test.context.support.DelegatingSmartContextLoader', parent = [null]], attributes = map[[empty]]]].
18:41:35.246 [Test worker] DEBUG org.springframework.test.context.cache.DefaultCacheAwareContextLoaderDelegate - Retrieved ApplicationContext from cache with key [[MergedContextConfiguration@45fa6c48 testClass = FieldsErrorsTest, locations = '{}', classes = '{}', contextInitializerClasses = '[]', activeProfiles = '{}', propertySourceLocations = '{}', propertySourceProperties = '{}', contextCustomizers = set[org.springframework.boot.test.autoconfigure.properties.PropertyMappingContextCustomizer@0, org.springframework.boot.test.autoconfigure.web.servlet.WebDriverContextCustomizerFactory$Customizer@1906dc24, org.springframework.boot.test.context.filter.ExcludeFilterContextCustomizer@6b8c9445, org.springframework.boot.test.json.DuplicateJsonObjectContextCustomizerFactory$DuplicateJsonObjectContextCustomizer@78dbab1e, org.springframework.boot.test.mock.mockito.MockitoContextCustomizer@0], contextLoader = 'org.springframework.test.context.support.DelegatingSmartContextLoader', parent = [null]]]
18:41:35.246 [Test worker] DEBUG org.springframework.test.context.cache - Spring test ApplicationContext cache statistics: [DefaultContextCache@20b8af0e size = 2, maxSize = 32, parentContextCount = 0, hitCount = 31, missCount = 2]
18:41:35.248 [Test worker] DEBUG org.springframework.test.context.support.AbstractDirtiesContextTestExecutionListener - Before test method: context [DefaultTestContext@776869b9 testClass = FieldsErrorsTest, testInstance = cl.ejercicio.utilities.exceptions.FieldsErrorsTest@7d264528, testMethod = fieldErrorsTest@FieldsErrorsTest, testException = [null], mergedContextConfiguration = [MergedContextConfiguration@45fa6c48 testClass = FieldsErrorsTest, locations = '{}', classes = '{}', contextInitializerClasses = '[]', activeProfiles = '{}', propertySourceLocations = '{}', propertySourceProperties = '{}', contextCustomizers = set[org.springframework.boot.test.autoconfigure.properties.PropertyMappingContextCustomizer@0, org.springframework.boot.test.autoconfigure.web.servlet.WebDriverContextCustomizerFactory$Customizer@1906dc24, org.springframework.boot.test.context.filter.ExcludeFilterContextCustomizer@6b8c9445, org.springframework.boot.test.json.DuplicateJsonObjectContextCustomizerFactory$DuplicateJsonObjectContextCustomizer@78dbab1e, org.springframework.boot.test.mock.mockito.MockitoContextCustomizer@0], contextLoader = 'org.springframework.test.context.support.DelegatingSmartContextLoader', parent = [null]], attributes = map[[empty]]], class annotated with @DirtiesContext [false] with mode [null], method annotated with @DirtiesContext [false] with mode [null].
18:41:35.248 [Test worker] DEBUG org.springframework.test.context.cache.DefaultCacheAwareContextLoaderDelegate - Retrieved ApplicationContext from cache with key [[MergedContextConfiguration@45fa6c48 testClass = FieldsErrorsTest, locations = '{}', classes = '{}', contextInitializerClasses = '[]', activeProfiles = '{}', propertySourceLocations = '{}', propertySourceProperties = '{}', contextCustomizers = set[org.springframework.boot.test.autoconfigure.properties.PropertyMappingContextCustomizer@0, org.springframework.boot.test.autoconfigure.web.servlet.WebDriverContextCustomizerFactory$Customizer@1906dc24, org.springframework.boot.test.context.filter.ExcludeFilterContextCustomizer@6b8c9445, org.springframework.boot.test.json.DuplicateJsonObjectContextCustomizerFactory$DuplicateJsonObjectContextCustomizer@78dbab1e, org.springframework.boot.test.mock.mockito.MockitoContextCustomizer@0], contextLoader = 'org.springframework.test.context.support.DelegatingSmartContextLoader', parent = [null]]]
18:41:35.248 [Test worker] DEBUG org.springframework.test.context.cache - Spring test ApplicationContext cache statistics: [DefaultContextCache@20b8af0e size = 2, maxSize = 32, parentContextCount = 0, hitCount = 32, missCount = 2]
18:41:35.249 [Test worker] DEBUG org.springframework.test.context.cache.DefaultCacheAwareContextLoaderDelegate - Retrieved ApplicationContext from cache with key [[MergedContextConfiguration@45fa6c48 testClass = FieldsErrorsTest, locations = '{}', classes = '{}', contextInitializerClasses = '[]', activeProfiles = '{}', propertySourceLocations = '{}', propertySourceProperties = '{}', contextCustomizers = set[org.springframework.boot.test.autoconfigure.properties.PropertyMappingContextCustomizer@0, org.springframework.boot.test.autoconfigure.web.servlet.WebDriverContextCustomizerFactory$Customizer@1906dc24, org.springframework.boot.test.context.filter.ExcludeFilterContextCustomizer@6b8c9445, org.springframework.boot.test.json.DuplicateJsonObjectContextCustomizerFactory$DuplicateJsonObjectContextCustomizer@78dbab1e, org.springframework.boot.test.mock.mockito.MockitoContextCustomizer@0], contextLoader = 'org.springframework.test.context.support.DelegatingSmartContextLoader', parent = [null]]]
18:41:35.249 [Test worker] DEBUG org.springframework.test.context.cache - Spring test ApplicationContext cache statistics: [DefaultContextCache@20b8af0e size = 2, maxSize = 32, parentContextCount = 0, hitCount = 33, missCount = 2]
18:41:35.250 [Test worker] DEBUG org.springframework.test.context.cache.DefaultCacheAwareContextLoaderDelegate - Retrieved ApplicationContext from cache with key [[MergedContextConfiguration@45fa6c48 testClass = FieldsErrorsTest, locations = '{}', classes = '{}', contextInitializerClasses = '[]', activeProfiles = '{}', propertySourceLocations = '{}', propertySourceProperties = '{}', contextCustomizers = set[org.springframework.boot.test.autoconfigure.properties.PropertyMappingContextCustomizer@0, org.springframework.boot.test.autoconfigure.web.servlet.WebDriverContextCustomizerFactory$Customizer@1906dc24, org.springframework.boot.test.context.filter.ExcludeFilterContextCustomizer@6b8c9445, org.springframework.boot.test.json.DuplicateJsonObjectContextCustomizerFactory$DuplicateJsonObjectContextCustomizer@78dbab1e, org.springframework.boot.test.mock.mockito.MockitoContextCustomizer@0], contextLoader = 'org.springframework.test.context.support.DelegatingSmartContextLoader', parent = [null]]]
18:41:35.250 [Test worker] DEBUG org.springframework.test.context.cache - Spring test ApplicationContext cache statistics: [DefaultContextCache@20b8af0e size = 2, maxSize = 32, parentContextCount = 0, hitCount = 34, missCount = 2]
18:41:35.250 [Test worker] DEBUG org.springframework.test.context.cache.DefaultCacheAwareContextLoaderDelegate - Retrieved ApplicationContext from cache with key [[MergedContextConfiguration@45fa6c48 testClass = FieldsErrorsTest, locations = '{}', classes = '{}', contextInitializerClasses = '[]', activeProfiles = '{}', propertySourceLocations = '{}', propertySourceProperties = '{}', contextCustomizers = set[org.springframework.boot.test.autoconfigure.properties.PropertyMappingContextCustomizer@0, org.springframework.boot.test.autoconfigure.web.servlet.WebDriverContextCustomizerFactory$Customizer@1906dc24, org.springframework.boot.test.context.filter.ExcludeFilterContextCustomizer@6b8c9445, org.springframework.boot.test.json.DuplicateJsonObjectContextCustomizerFactory$DuplicateJsonObjectContextCustomizer@78dbab1e, org.springframework.boot.test.mock.mockito.MockitoContextCustomizer@0], contextLoader = 'org.springframework.test.context.support.DelegatingSmartContextLoader', parent = [null]]]
18:41:35.250 [Test worker] DEBUG org.springframework.test.context.cache - Spring test ApplicationContext cache statistics: [DefaultContextCache@20b8af0e size = 2, maxSize = 32, parentContextCount = 0, hitCount = 35, missCount = 2]
18:41:35.251 [Test worker] DEBUG org.springframework.test.context.support.AbstractDirtiesContextTestExecutionListener - After test method: context [DefaultTestContext@776869b9 testClass = FieldsErrorsTest, testInstance = cl.ejercicio.utilities.exceptions.FieldsErrorsTest@7d264528, testMethod = fieldErrorsTest@FieldsErrorsTest, testException = [null], mergedContextConfiguration = [MergedContextConfiguration@45fa6c48 testClass = FieldsErrorsTest, locations = '{}', classes = '{}', contextInitializerClasses = '[]', activeProfiles = '{}', propertySourceLocations = '{}', propertySourceProperties = '{}', contextCustomizers = set[org.springframework.boot.test.autoconfigure.properties.PropertyMappingContextCustomizer@0, org.springframework.boot.test.autoconfigure.web.servlet.WebDriverContextCustomizerFactory$Customizer@1906dc24, org.springframework.boot.test.context.filter.ExcludeFilterContextCustomizer@6b8c9445, org.springframework.boot.test.json.DuplicateJsonObjectContextCustomizerFactory$DuplicateJsonObjectContextCustomizer@78dbab1e, org.springframework.boot.test.mock.mockito.MockitoContextCustomizer@0], contextLoader = 'org.springframework.test.context.support.DelegatingSmartContextLoader', parent = [null]], attributes = map[[empty]]], class annotated with @DirtiesContext [false] with mode [null], method annotated with @DirtiesContext [false] with mode [null].
18:41:35.251 [Test worker] DEBUG org.springframework.test.context.support.AbstractDirtiesContextTestExecutionListener - After test class: context [DefaultTestContext@776869b9 testClass = FieldsErrorsTest, testInstance = [null], testMethod = [null], testException = [null], mergedContextConfiguration = [MergedContextConfiguration@45fa6c48 testClass = FieldsErrorsTest, locations = '{}', classes = '{}', contextInitializerClasses = '[]', activeProfiles = '{}', propertySourceLocations = '{}', propertySourceProperties = '{}', contextCustomizers = set[org.springframework.boot.test.autoconfigure.properties.PropertyMappingContextCustomizer@0, org.springframework.boot.test.autoconfigure.web.servlet.WebDriverContextCustomizerFactory$Customizer@1906dc24, org.springframework.boot.test.context.filter.ExcludeFilterContextCustomizer@6b8c9445, org.springframework.boot.test.json.DuplicateJsonObjectContextCustomizerFactory$DuplicateJsonObjectContextCustomizer@78dbab1e, org.springframework.boot.test.mock.mockito.MockitoContextCustomizer@0], contextLoader = 'org.springframework.test.context.support.DelegatingSmartContextLoader', parent = [null]], attributes = map[[empty]]], class annotated with @DirtiesContext [false] with mode [null].
]]></system-out>
  <system-err><![CDATA[]]></system-err>
</testsuite>
