<?xml version="1.0" encoding="UTF-8"?>
<testsuite name="cl.ejercicio.usecase.dosignin.DoSignInTest" tests="2" skipped="0" failures="0" errors="0" timestamp="2023-11-25T21:41:31" hostname="DESKTOP-88HNFHF" time="3.987">
  <properties/>
  <testcase name="itShouldDoSignInWhenApiFailure" classname="cl.ejercicio.usecase.dosignin.DoSignInTest" time="0.238"/>
  <testcase name="itShouldDoSignInWhenApiSuccess" classname="cl.ejercicio.usecase.dosignin.DoSignInTest" time="3.746"/>
  <system-out><![CDATA[18:41:30.590 [Test worker] DEBUG org.springframework.test.context.junit4.SpringJUnit4ClassRunner - SpringJUnit4ClassRunner constructor called with [class cl.ejercicio.usecase.dosignin.DoSignInTest]
18:41:30.596 [Test worker] DEBUG org.springframework.test.context.BootstrapUtils - Instantiating CacheAwareContextLoaderDelegate from class [org.springframework.test.context.cache.DefaultCacheAwareContextLoaderDelegate]
18:41:30.602 [Test worker] DEBUG org.springframework.test.context.BootstrapUtils - Instantiating BootstrapContext using constructor [public org.springframework.test.context.support.DefaultBootstrapContext(java.lang.Class,org.springframework.test.context.CacheAwareContextLoaderDelegate)]
18:41:30.610 [Test worker] DEBUG org.springframework.test.context.BootstrapUtils - Instantiating TestContextBootstrapper for test class [cl.ejercicio.usecase.dosignin.DoSignInTest] from class [org.springframework.test.context.support.DefaultTestContextBootstrapper]
18:41:30.618 [Test worker] INFO org.springframework.test.context.support.DefaultTestContextBootstrapper - Neither @ContextConfiguration nor @ContextHierarchy found for test class [cl.ejercicio.usecase.dosignin.DoSignInTest], using DelegatingSmartContextLoader
18:41:30.620 [Test worker] DEBUG org.springframework.test.context.support.AbstractDelegatingSmartContextLoader - Delegating to GenericXmlContextLoader to process context configuration [ContextConfigurationAttributes@347d4473 declaringClass = 'cl.ejercicio.usecase.dosignin.DoSignInTest', classes = '{}', locations = '{}', inheritLocations = false, initializers = '{}', inheritInitializers = true, name = [null], contextLoaderClass = 'org.springframework.test.context.ContextLoader'].
18:41:30.623 [Test worker] DEBUG org.springframework.test.context.support.AbstractContextLoader - Did not detect default resource location for test class [cl.ejercicio.usecase.dosignin.DoSignInTest]: class path resource [cl/ejercicio/usecase/dosignin/DoSignInTest-context.xml] does not exist
18:41:30.623 [Test worker] INFO org.springframework.test.context.support.AbstractContextLoader - Could not detect default resource locations for test class [cl.ejercicio.usecase.dosignin.DoSignInTest]: no resource found for suffixes {-context.xml}.
18:41:30.623 [Test worker] DEBUG org.springframework.test.context.support.AbstractDelegatingSmartContextLoader - Delegating to AnnotationConfigContextLoader to process context configuration [ContextConfigurationAttributes@347d4473 declaringClass = 'cl.ejercicio.usecase.dosignin.DoSignInTest', classes = '{}', locations = '{}', inheritLocations = false, initializers = '{}', inheritInitializers = true, name = [null], contextLoaderClass = 'org.springframework.test.context.ContextLoader'].
18:41:30.624 [Test worker] INFO org.springframework.test.context.support.AnnotationConfigContextLoaderUtils - Could not detect default configuration classes for test class [cl.ejercicio.usecase.dosignin.DoSignInTest]: DoSignInTest does not declare any static, non-private, non-final, nested classes annotated with @Configuration.
18:41:30.658 [Test worker] DEBUG org.springframework.test.context.support.ActiveProfilesUtils - Could not find an 'annotation declaring class' for annotation type [org.springframework.test.context.ActiveProfiles] and class [cl.ejercicio.usecase.dosignin.DoSignInTest]
18:41:30.659 [Test worker] DEBUG org.springframework.test.context.support.DefaultTestContextBootstrapper - @TestExecutionListeners is not present for class [cl.ejercicio.usecase.dosignin.DoSignInTest]: using defaults.
18:41:30.659 [Test worker] INFO org.springframework.test.context.support.DefaultTestContextBootstrapper - Loaded default TestExecutionListener class names from location [META-INF/spring.factories]: [org.springframework.boot.test.autoconfigure.restdocs.RestDocsTestExecutionListener, org.springframework.boot.test.autoconfigure.web.client.MockRestServiceServerResetTestExecutionListener, org.springframework.boot.test.autoconfigure.web.servlet.MockMvcPrintOnlyOnFailureTestExecutionListener, org.springframework.boot.test.autoconfigure.web.servlet.WebDriverTestExecutionListener, org.springframework.boot.test.mock.mockito.MockitoTestExecutionListener, org.springframework.boot.test.mock.mockito.ResetMocksTestExecutionListener, org.springframework.test.context.web.ServletTestExecutionListener, org.springframework.test.context.support.DirtiesContextBeforeModesTestExecutionListener, org.springframework.test.context.support.DependencyInjectionTestExecutionListener, org.springframework.test.context.support.DirtiesContextTestExecutionListener, org.springframework.test.context.transaction.TransactionalTestExecutionListener, org.springframework.test.context.jdbc.SqlScriptsTestExecutionListener]
18:41:30.674 [Test worker] INFO org.springframework.test.context.support.DefaultTestContextBootstrapper - Using TestExecutionListeners: [org.springframework.test.context.web.ServletTestExecutionListener@63970b2, org.springframework.test.context.support.DirtiesContextBeforeModesTestExecutionListener@c5939d6, org.springframework.boot.test.mock.mockito.MockitoTestExecutionListener@3e76ae36, org.springframework.test.context.support.DependencyInjectionTestExecutionListener@23f08f1d, org.springframework.test.context.support.DirtiesContextTestExecutionListener@6e81d731, org.springframework.test.context.transaction.TransactionalTestExecutionListener@2bd3d4be, org.springframework.test.context.jdbc.SqlScriptsTestExecutionListener@20dfc8ec, org.springframework.boot.test.autoconfigure.restdocs.RestDocsTestExecutionListener@7f0238d, org.springframework.boot.test.autoconfigure.web.client.MockRestServiceServerResetTestExecutionListener@6728541d, org.springframework.boot.test.autoconfigure.web.servlet.MockMvcPrintOnlyOnFailureTestExecutionListener@52eb0a62, org.springframework.boot.test.autoconfigure.web.servlet.WebDriverTestExecutionListener@cad207b, org.springframework.boot.test.mock.mockito.ResetMocksTestExecutionListener@a478628]
18:41:30.676 [Test worker] DEBUG org.springframework.test.annotation.ProfileValueUtils - Retrieved @ProfileValueSourceConfiguration [null] for test class [cl.ejercicio.usecase.dosignin.DoSignInTest]
18:41:30.677 [Test worker] DEBUG org.springframework.test.annotation.ProfileValueUtils - Retrieved ProfileValueSource type [class org.springframework.test.annotation.SystemProfileValueSource] for class [cl.ejercicio.usecase.dosignin.DoSignInTest]
18:41:30.677 [Test worker] DEBUG org.springframework.test.annotation.ProfileValueUtils - Retrieved @ProfileValueSourceConfiguration [null] for test class [cl.ejercicio.usecase.dosignin.DoSignInTest]
18:41:30.678 [Test worker] DEBUG org.springframework.test.annotation.ProfileValueUtils - Retrieved ProfileValueSource type [class org.springframework.test.annotation.SystemProfileValueSource] for class [cl.ejercicio.usecase.dosignin.DoSignInTest]
18:41:30.680 [Test worker] DEBUG org.springframework.test.context.support.AbstractDirtiesContextTestExecutionListener - Before test class: context [DefaultTestContext@280e1514 testClass = DoSignInTest, testInstance = [null], testMethod = [null], testException = [null], mergedContextConfiguration = [MergedContextConfiguration@45cf104a testClass = DoSignInTest, locations = '{}', classes = '{}', contextInitializerClasses = '[]', activeProfiles = '{}', propertySourceLocations = '{}', propertySourceProperties = '{}', contextCustomizers = set[org.springframework.boot.test.autoconfigure.properties.PropertyMappingContextCustomizer@0, org.springframework.boot.test.autoconfigure.web.servlet.WebDriverContextCustomizerFactory$Customizer@1906dc24, org.springframework.boot.test.context.filter.ExcludeFilterContextCustomizer@6b8c9445, org.springframework.boot.test.json.DuplicateJsonObjectContextCustomizerFactory$DuplicateJsonObjectContextCustomizer@78dbab1e, org.springframework.boot.test.mock.mockito.MockitoContextCustomizer@b96d5486], contextLoader = 'org.springframework.test.context.support.DelegatingSmartContextLoader', parent = [null]], attributes = map[[empty]]], class annotated with @DirtiesContext [false] with mode [null].
18:41:30.680 [Test worker] DEBUG org.springframework.test.annotation.ProfileValueUtils - Retrieved @ProfileValueSourceConfiguration [null] for test class [cl.ejercicio.usecase.dosignin.DoSignInTest]
18:41:30.681 [Test worker] DEBUG org.springframework.test.annotation.ProfileValueUtils - Retrieved ProfileValueSource type [class org.springframework.test.annotation.SystemProfileValueSource] for class [cl.ejercicio.usecase.dosignin.DoSignInTest]
18:41:31.015 [Test worker] DEBUG org.springframework.test.context.support.AbstractDelegatingSmartContextLoader - Delegating to AnnotationConfigContextLoader to load context from [MergedContextConfiguration@45cf104a testClass = DoSignInTest, locations = '{}', classes = '{}', contextInitializerClasses = '[]', activeProfiles = '{}', propertySourceLocations = '{}', propertySourceProperties = '{}', contextCustomizers = set[org.springframework.boot.test.autoconfigure.properties.PropertyMappingContextCustomizer@0, org.springframework.boot.test.autoconfigure.web.servlet.WebDriverContextCustomizerFactory$Customizer@1906dc24, org.springframework.boot.test.context.filter.ExcludeFilterContextCustomizer@6b8c9445, org.springframework.boot.test.json.DuplicateJsonObjectContextCustomizerFactory$DuplicateJsonObjectContextCustomizer@78dbab1e, org.springframework.boot.test.mock.mockito.MockitoContextCustomizer@b96d5486], contextLoader = 'org.springframework.test.context.support.DelegatingSmartContextLoader', parent = [null]].
18:41:31.015 [Test worker] DEBUG org.springframework.test.context.support.AbstractGenericContextLoader - Loading ApplicationContext for merged context configuration [[MergedContextConfiguration@45cf104a testClass = DoSignInTest, locations = '{}', classes = '{}', contextInitializerClasses = '[]', activeProfiles = '{}', propertySourceLocations = '{}', propertySourceProperties = '{}', contextCustomizers = set[org.springframework.boot.test.autoconfigure.properties.PropertyMappingContextCustomizer@0, org.springframework.boot.test.autoconfigure.web.servlet.WebDriverContextCustomizerFactory$Customizer@1906dc24, org.springframework.boot.test.context.filter.ExcludeFilterContextCustomizer@6b8c9445, org.springframework.boot.test.json.DuplicateJsonObjectContextCustomizerFactory$DuplicateJsonObjectContextCustomizer@78dbab1e, org.springframework.boot.test.mock.mockito.MockitoContextCustomizer@b96d5486], contextLoader = 'org.springframework.test.context.support.DelegatingSmartContextLoader', parent = [null]]].
18:41:31.043 [Test worker] DEBUG org.springframework.core.env.StandardEnvironment - Activating profiles []
18:41:31.043 [Test worker] DEBUG org.springframework.test.context.support.AnnotationConfigContextLoader - Registering annotated classes: {}
18:41:31.060 [Test worker] DEBUG org.springframework.context.support.GenericApplicationContext - Refreshing org.springframework.context.support.GenericApplicationContext@7b2e9f9b
18:41:31.071 [Test worker] DEBUG org.springframework.beans.factory.support.DefaultListableBeanFactory - Creating shared instance of singleton bean 'org.springframework.context.annotation.internalConfigurationAnnotationProcessor'
18:41:31.092 [Test worker] DEBUG org.springframework.beans.factory.support.DefaultListableBeanFactory - Creating shared instance of singleton bean 'org.springframework.boot.test.mock.mockito.MockitoPostProcessor'
18:41:31.131 [Test worker] DEBUG org.springframework.beans.factory.support.DefaultListableBeanFactory - Creating shared instance of singleton bean 'org.springframework.context.event.internalEventListenerProcessor'
18:41:31.133 [Test worker] DEBUG org.springframework.beans.factory.support.DefaultListableBeanFactory - Creating shared instance of singleton bean 'org.springframework.context.event.internalEventListenerFactory'
18:41:31.134 [Test worker] DEBUG org.springframework.beans.factory.support.DefaultListableBeanFactory - Creating shared instance of singleton bean 'org.springframework.context.annotation.internalAutowiredAnnotationProcessor'
18:41:31.135 [Test worker] DEBUG org.springframework.beans.factory.support.DefaultListableBeanFactory - Creating shared instance of singleton bean 'org.springframework.context.annotation.internalCommonAnnotationProcessor'
18:41:31.137 [Test worker] DEBUG org.springframework.beans.factory.support.DefaultListableBeanFactory - Creating shared instance of singleton bean 'org.springframework.context.annotation.internalPersistenceAnnotationProcessor'
18:41:31.137 [Test worker] DEBUG org.springframework.beans.factory.support.DefaultListableBeanFactory - Creating shared instance of singleton bean 'org.springframework.boot.test.mock.mockito.MockitoPostProcessor$SpyPostProcessor'
18:41:31.159 [Test worker] DEBUG org.springframework.test.context.cache.DefaultCacheAwareContextLoaderDelegate - Storing ApplicationContext in cache under key [[MergedContextConfiguration@45cf104a testClass = DoSignInTest, locations = '{}', classes = '{}', contextInitializerClasses = '[]', activeProfiles = '{}', propertySourceLocations = '{}', propertySourceProperties = '{}', contextCustomizers = set[org.springframework.boot.test.autoconfigure.properties.PropertyMappingContextCustomizer@0, org.springframework.boot.test.autoconfigure.web.servlet.WebDriverContextCustomizerFactory$Customizer@1906dc24, org.springframework.boot.test.context.filter.ExcludeFilterContextCustomizer@6b8c9445, org.springframework.boot.test.json.DuplicateJsonObjectContextCustomizerFactory$DuplicateJsonObjectContextCustomizer@78dbab1e, org.springframework.boot.test.mock.mockito.MockitoContextCustomizer@b96d5486], contextLoader = 'org.springframework.test.context.support.DelegatingSmartContextLoader', parent = [null]]]
18:41:31.159 [Test worker] DEBUG org.springframework.test.context.cache - Spring test ApplicationContext cache statistics: [DefaultContextCache@20b8af0e size = 1, maxSize = 32, parentContextCount = 0, hitCount = 0, missCount = 1]
18:41:31.161 [Test worker] DEBUG org.springframework.test.context.support.DependencyInjectionTestExecutionListener - Performing dependency injection for test context [[DefaultTestContext@280e1514 testClass = DoSignInTest, testInstance = cl.ejercicio.usecase.dosignin.DoSignInTest@5d9baad6, testMethod = [null], testException = [null], mergedContextConfiguration = [MergedContextConfiguration@45cf104a testClass = DoSignInTest, locations = '{}', classes = '{}', contextInitializerClasses = '[]', activeProfiles = '{}', propertySourceLocations = '{}', propertySourceProperties = '{}', contextCustomizers = set[org.springframework.boot.test.autoconfigure.properties.PropertyMappingContextCustomizer@0, org.springframework.boot.test.autoconfigure.web.servlet.WebDriverContextCustomizerFactory$Customizer@1906dc24, org.springframework.boot.test.context.filter.ExcludeFilterContextCustomizer@6b8c9445, org.springframework.boot.test.json.DuplicateJsonObjectContextCustomizerFactory$DuplicateJsonObjectContextCustomizer@78dbab1e, org.springframework.boot.test.mock.mockito.MockitoContextCustomizer@b96d5486], contextLoader = 'org.springframework.test.context.support.DelegatingSmartContextLoader', parent = [null]], attributes = map[[empty]]]].
18:41:31.162 [Test worker] DEBUG org.springframework.test.context.cache.DefaultCacheAwareContextLoaderDelegate - Retrieved ApplicationContext from cache with key [[MergedContextConfiguration@45cf104a testClass = DoSignInTest, locations = '{}', classes = '{}', contextInitializerClasses = '[]', activeProfiles = '{}', propertySourceLocations = '{}', propertySourceProperties = '{}', contextCustomizers = set[org.springframework.boot.test.autoconfigure.properties.PropertyMappingContextCustomizer@0, org.springframework.boot.test.autoconfigure.web.servlet.WebDriverContextCustomizerFactory$Customizer@1906dc24, org.springframework.boot.test.context.filter.ExcludeFilterContextCustomizer@6b8c9445, org.springframework.boot.test.json.DuplicateJsonObjectContextCustomizerFactory$DuplicateJsonObjectContextCustomizer@78dbab1e, org.springframework.boot.test.mock.mockito.MockitoContextCustomizer@b96d5486], contextLoader = 'org.springframework.test.context.support.DelegatingSmartContextLoader', parent = [null]]]
18:41:31.162 [Test worker] DEBUG org.springframework.test.context.cache - Spring test ApplicationContext cache statistics: [DefaultContextCache@20b8af0e size = 1, maxSize = 32, parentContextCount = 0, hitCount = 1, missCount = 1]
18:41:31.175 [Test worker] DEBUG org.springframework.test.context.support.AbstractDirtiesContextTestExecutionListener - Before test method: context [DefaultTestContext@280e1514 testClass = DoSignInTest, testInstance = cl.ejercicio.usecase.dosignin.DoSignInTest@5d9baad6, testMethod = itShouldDoSignInWhenApiFailure@DoSignInTest, testException = [null], mergedContextConfiguration = [MergedContextConfiguration@45cf104a testClass = DoSignInTest, locations = '{}', classes = '{}', contextInitializerClasses = '[]', activeProfiles = '{}', propertySourceLocations = '{}', propertySourceProperties = '{}', contextCustomizers = set[org.springframework.boot.test.autoconfigure.properties.PropertyMappingContextCustomizer@0, org.springframework.boot.test.autoconfigure.web.servlet.WebDriverContextCustomizerFactory$Customizer@1906dc24, org.springframework.boot.test.context.filter.ExcludeFilterContextCustomizer@6b8c9445, org.springframework.boot.test.json.DuplicateJsonObjectContextCustomizerFactory$DuplicateJsonObjectContextCustomizer@78dbab1e, org.springframework.boot.test.mock.mockito.MockitoContextCustomizer@b96d5486], contextLoader = 'org.springframework.test.context.support.DelegatingSmartContextLoader', parent = [null]], attributes = map[[empty]]], class annotated with @DirtiesContext [false] with mode [null], method annotated with @DirtiesContext [false] with mode [null].
18:41:31.178 [Test worker] DEBUG org.springframework.test.context.cache.DefaultCacheAwareContextLoaderDelegate - Retrieved ApplicationContext from cache with key [[MergedContextConfiguration@45cf104a testClass = DoSignInTest, locations = '{}', classes = '{}', contextInitializerClasses = '[]', activeProfiles = '{}', propertySourceLocations = '{}', propertySourceProperties = '{}', contextCustomizers = set[org.springframework.boot.test.autoconfigure.properties.PropertyMappingContextCustomizer@0, org.springframework.boot.test.autoconfigure.web.servlet.WebDriverContextCustomizerFactory$Customizer@1906dc24, org.springframework.boot.test.context.filter.ExcludeFilterContextCustomizer@6b8c9445, org.springframework.boot.test.json.DuplicateJsonObjectContextCustomizerFactory$DuplicateJsonObjectContextCustomizer@78dbab1e, org.springframework.boot.test.mock.mockito.MockitoContextCustomizer@b96d5486], contextLoader = 'org.springframework.test.context.support.DelegatingSmartContextLoader', parent = [null]]]
18:41:31.178 [Test worker] DEBUG org.springframework.test.context.cache - Spring test ApplicationContext cache statistics: [DefaultContextCache@20b8af0e size = 1, maxSize = 32, parentContextCount = 0, hitCount = 2, missCount = 1]
18:41:31.410 [Test worker] DEBUG org.springframework.test.context.cache.DefaultCacheAwareContextLoaderDelegate - Retrieved ApplicationContext from cache with key [[MergedContextConfiguration@45cf104a testClass = DoSignInTest, locations = '{}', classes = '{}', contextInitializerClasses = '[]', activeProfiles = '{}', propertySourceLocations = '{}', propertySourceProperties = '{}', contextCustomizers = set[org.springframework.boot.test.autoconfigure.properties.PropertyMappingContextCustomizer@0, org.springframework.boot.test.autoconfigure.web.servlet.WebDriverContextCustomizerFactory$Customizer@1906dc24, org.springframework.boot.test.context.filter.ExcludeFilterContextCustomizer@6b8c9445, org.springframework.boot.test.json.DuplicateJsonObjectContextCustomizerFactory$DuplicateJsonObjectContextCustomizer@78dbab1e, org.springframework.boot.test.mock.mockito.MockitoContextCustomizer@b96d5486], contextLoader = 'org.springframework.test.context.support.DelegatingSmartContextLoader', parent = [null]]]
18:41:31.410 [Test worker] DEBUG org.springframework.test.context.cache - Spring test ApplicationContext cache statistics: [DefaultContextCache@20b8af0e size = 1, maxSize = 32, parentContextCount = 0, hitCount = 3, missCount = 1]
18:41:31.410 [Test worker] DEBUG org.springframework.test.context.cache.DefaultCacheAwareContextLoaderDelegate - Retrieved ApplicationContext from cache with key [[MergedContextConfiguration@45cf104a testClass = DoSignInTest, locations = '{}', classes = '{}', contextInitializerClasses = '[]', activeProfiles = '{}', propertySourceLocations = '{}', propertySourceProperties = '{}', contextCustomizers = set[org.springframework.boot.test.autoconfigure.properties.PropertyMappingContextCustomizer@0, org.springframework.boot.test.autoconfigure.web.servlet.WebDriverContextCustomizerFactory$Customizer@1906dc24, org.springframework.boot.test.context.filter.ExcludeFilterContextCustomizer@6b8c9445, org.springframework.boot.test.json.DuplicateJsonObjectContextCustomizerFactory$DuplicateJsonObjectContextCustomizer@78dbab1e, org.springframework.boot.test.mock.mockito.MockitoContextCustomizer@b96d5486], contextLoader = 'org.springframework.test.context.support.DelegatingSmartContextLoader', parent = [null]]]
18:41:31.410 [Test worker] DEBUG org.springframework.test.context.cache - Spring test ApplicationContext cache statistics: [DefaultContextCache@20b8af0e size = 1, maxSize = 32, parentContextCount = 0, hitCount = 4, missCount = 1]
18:41:31.410 [Test worker] DEBUG org.springframework.test.context.cache.DefaultCacheAwareContextLoaderDelegate - Retrieved ApplicationContext from cache with key [[MergedContextConfiguration@45cf104a testClass = DoSignInTest, locations = '{}', classes = '{}', contextInitializerClasses = '[]', activeProfiles = '{}', propertySourceLocations = '{}', propertySourceProperties = '{}', contextCustomizers = set[org.springframework.boot.test.autoconfigure.properties.PropertyMappingContextCustomizer@0, org.springframework.boot.test.autoconfigure.web.servlet.WebDriverContextCustomizerFactory$Customizer@1906dc24, org.springframework.boot.test.context.filter.ExcludeFilterContextCustomizer@6b8c9445, org.springframework.boot.test.json.DuplicateJsonObjectContextCustomizerFactory$DuplicateJsonObjectContextCustomizer@78dbab1e, org.springframework.boot.test.mock.mockito.MockitoContextCustomizer@b96d5486], contextLoader = 'org.springframework.test.context.support.DelegatingSmartContextLoader', parent = [null]]]
18:41:31.410 [Test worker] DEBUG org.springframework.test.context.cache - Spring test ApplicationContext cache statistics: [DefaultContextCache@20b8af0e size = 1, maxSize = 32, parentContextCount = 0, hitCount = 5, missCount = 1]
18:41:31.411 [Test worker] DEBUG org.springframework.test.context.support.AbstractDirtiesContextTestExecutionListener - After test method: context [DefaultTestContext@280e1514 testClass = DoSignInTest, testInstance = cl.ejercicio.usecase.dosignin.DoSignInTest@5d9baad6, testMethod = itShouldDoSignInWhenApiFailure@DoSignInTest, testException = [null], mergedContextConfiguration = [MergedContextConfiguration@45cf104a testClass = DoSignInTest, locations = '{}', classes = '{}', contextInitializerClasses = '[]', activeProfiles = '{}', propertySourceLocations = '{}', propertySourceProperties = '{}', contextCustomizers = set[org.springframework.boot.test.autoconfigure.properties.PropertyMappingContextCustomizer@0, org.springframework.boot.test.autoconfigure.web.servlet.WebDriverContextCustomizerFactory$Customizer@1906dc24, org.springframework.boot.test.context.filter.ExcludeFilterContextCustomizer@6b8c9445, org.springframework.boot.test.json.DuplicateJsonObjectContextCustomizerFactory$DuplicateJsonObjectContextCustomizer@78dbab1e, org.springframework.boot.test.mock.mockito.MockitoContextCustomizer@b96d5486], contextLoader = 'org.springframework.test.context.support.DelegatingSmartContextLoader', parent = [null]], attributes = map[[empty]]], class annotated with @DirtiesContext [false] with mode [null], method annotated with @DirtiesContext [false] with mode [null].
18:41:31.412 [Test worker] DEBUG org.springframework.test.annotation.ProfileValueUtils - Retrieved @ProfileValueSourceConfiguration [null] for test class [cl.ejercicio.usecase.dosignin.DoSignInTest]
18:41:31.412 [Test worker] DEBUG org.springframework.test.annotation.ProfileValueUtils - Retrieved ProfileValueSource type [class org.springframework.test.annotation.SystemProfileValueSource] for class [cl.ejercicio.usecase.dosignin.DoSignInTest]
18:41:31.414 [Test worker] DEBUG org.springframework.test.context.cache.DefaultCacheAwareContextLoaderDelegate - Retrieved ApplicationContext from cache with key [[MergedContextConfiguration@45cf104a testClass = DoSignInTest, locations = '{}', classes = '{}', contextInitializerClasses = '[]', activeProfiles = '{}', propertySourceLocations = '{}', propertySourceProperties = '{}', contextCustomizers = set[org.springframework.boot.test.autoconfigure.properties.PropertyMappingContextCustomizer@0, org.springframework.boot.test.autoconfigure.web.servlet.WebDriverContextCustomizerFactory$Customizer@1906dc24, org.springframework.boot.test.context.filter.ExcludeFilterContextCustomizer@6b8c9445, org.springframework.boot.test.json.DuplicateJsonObjectContextCustomizerFactory$DuplicateJsonObjectContextCustomizer@78dbab1e, org.springframework.boot.test.mock.mockito.MockitoContextCustomizer@b96d5486], contextLoader = 'org.springframework.test.context.support.DelegatingSmartContextLoader', parent = [null]]]
18:41:31.414 [Test worker] DEBUG org.springframework.test.context.cache - Spring test ApplicationContext cache statistics: [DefaultContextCache@20b8af0e size = 1, maxSize = 32, parentContextCount = 0, hitCount = 6, missCount = 1]
18:41:31.414 [Test worker] DEBUG org.springframework.test.context.support.DependencyInjectionTestExecutionListener - Performing dependency injection for test context [[DefaultTestContext@280e1514 testClass = DoSignInTest, testInstance = cl.ejercicio.usecase.dosignin.DoSignInTest@246021e4, testMethod = [null], testException = [null], mergedContextConfiguration = [MergedContextConfiguration@45cf104a testClass = DoSignInTest, locations = '{}', classes = '{}', contextInitializerClasses = '[]', activeProfiles = '{}', propertySourceLocations = '{}', propertySourceProperties = '{}', contextCustomizers = set[org.springframework.boot.test.autoconfigure.properties.PropertyMappingContextCustomizer@0, org.springframework.boot.test.autoconfigure.web.servlet.WebDriverContextCustomizerFactory$Customizer@1906dc24, org.springframework.boot.test.context.filter.ExcludeFilterContextCustomizer@6b8c9445, org.springframework.boot.test.json.DuplicateJsonObjectContextCustomizerFactory$DuplicateJsonObjectContextCustomizer@78dbab1e, org.springframework.boot.test.mock.mockito.MockitoContextCustomizer@b96d5486], contextLoader = 'org.springframework.test.context.support.DelegatingSmartContextLoader', parent = [null]], attributes = map[[empty]]]].
18:41:31.414 [Test worker] DEBUG org.springframework.test.context.cache.DefaultCacheAwareContextLoaderDelegate - Retrieved ApplicationContext from cache with key [[MergedContextConfiguration@45cf104a testClass = DoSignInTest, locations = '{}', classes = '{}', contextInitializerClasses = '[]', activeProfiles = '{}', propertySourceLocations = '{}', propertySourceProperties = '{}', contextCustomizers = set[org.springframework.boot.test.autoconfigure.properties.PropertyMappingContextCustomizer@0, org.springframework.boot.test.autoconfigure.web.servlet.WebDriverContextCustomizerFactory$Customizer@1906dc24, org.springframework.boot.test.context.filter.ExcludeFilterContextCustomizer@6b8c9445, org.springframework.boot.test.json.DuplicateJsonObjectContextCustomizerFactory$DuplicateJsonObjectContextCustomizer@78dbab1e, org.springframework.boot.test.mock.mockito.MockitoContextCustomizer@b96d5486], contextLoader = 'org.springframework.test.context.support.DelegatingSmartContextLoader', parent = [null]]]
18:41:31.415 [Test worker] DEBUG org.springframework.test.context.cache - Spring test ApplicationContext cache statistics: [DefaultContextCache@20b8af0e size = 1, maxSize = 32, parentContextCount = 0, hitCount = 7, missCount = 1]
18:41:31.415 [Test worker] DEBUG org.springframework.test.context.support.AbstractDirtiesContextTestExecutionListener - Before test method: context [DefaultTestContext@280e1514 testClass = DoSignInTest, testInstance = cl.ejercicio.usecase.dosignin.DoSignInTest@246021e4, testMethod = itShouldDoSignInWhenApiSuccess@DoSignInTest, testException = [null], mergedContextConfiguration = [MergedContextConfiguration@45cf104a testClass = DoSignInTest, locations = '{}', classes = '{}', contextInitializerClasses = '[]', activeProfiles = '{}', propertySourceLocations = '{}', propertySourceProperties = '{}', contextCustomizers = set[org.springframework.boot.test.autoconfigure.properties.PropertyMappingContextCustomizer@0, org.springframework.boot.test.autoconfigure.web.servlet.WebDriverContextCustomizerFactory$Customizer@1906dc24, org.springframework.boot.test.context.filter.ExcludeFilterContextCustomizer@6b8c9445, org.springframework.boot.test.json.DuplicateJsonObjectContextCustomizerFactory$DuplicateJsonObjectContextCustomizer@78dbab1e, org.springframework.boot.test.mock.mockito.MockitoContextCustomizer@b96d5486], contextLoader = 'org.springframework.test.context.support.DelegatingSmartContextLoader', parent = [null]], attributes = map[[empty]]], class annotated with @DirtiesContext [false] with mode [null], method annotated with @DirtiesContext [false] with mode [null].
18:41:31.416 [Test worker] DEBUG org.springframework.test.context.cache.DefaultCacheAwareContextLoaderDelegate - Retrieved ApplicationContext from cache with key [[MergedContextConfiguration@45cf104a testClass = DoSignInTest, locations = '{}', classes = '{}', contextInitializerClasses = '[]', activeProfiles = '{}', propertySourceLocations = '{}', propertySourceProperties = '{}', contextCustomizers = set[org.springframework.boot.test.autoconfigure.properties.PropertyMappingContextCustomizer@0, org.springframework.boot.test.autoconfigure.web.servlet.WebDriverContextCustomizerFactory$Customizer@1906dc24, org.springframework.boot.test.context.filter.ExcludeFilterContextCustomizer@6b8c9445, org.springframework.boot.test.json.DuplicateJsonObjectContextCustomizerFactory$DuplicateJsonObjectContextCustomizer@78dbab1e, org.springframework.boot.test.mock.mockito.MockitoContextCustomizer@b96d5486], contextLoader = 'org.springframework.test.context.support.DelegatingSmartContextLoader', parent = [null]]]
18:41:31.416 [Test worker] DEBUG org.springframework.test.context.cache - Spring test ApplicationContext cache statistics: [DefaultContextCache@20b8af0e size = 1, maxSize = 32, parentContextCount = 0, hitCount = 8, missCount = 1]
18:41:35.132 [Test worker] INFO cl.ejercicio.usecases.dosignin.SignUpCase - Here I Am: Class:DoSignInUseCase, Method: doSignIn, Message: DoSignInRequest{name='FirstNameExample LastNameExample', email='email@example.com', password='$2a$16$J92eJy32hPKvvVXodhvefeTp1vm2edzIbSFohWV.13xw55TwD80sa', phones=[Phone{number='946644558', cityCode='1', countryCode='57'}]}
18:41:35.136 [Test worker] INFO cl.ejercicio.usecases.dosignin.SignUpCase - Here I Am: Class:DoSignInUseCase, Method: doSignIn, Action: Create User, Message: User{id=1, name='FirstNameExample LastNameExample', email='email@example.com', password='$2a$16$gSv/X20v2iC39eVKrkVfSeM3Ky4PFY3Ww/pOMd7nlYsS8/OnUVsJ6', phones='[Phone{number='946644558', cityCode='1', countryCode='57'}]', created='16-02-2020 22:34:26', modified='16-02-2020 22:35:07', lastLogin='16-02-2020 22:35:07', token='eyJhbGciOiJIUzI1NiJ9', roles=[ROLE_ADMIN, ROLE_USER], isActive=true}
18:41:35.136 [Test worker] INFO cl.ejercicio.usecases.dosignin.SignUpCase - Here I Am: Class:DoSignInUseCase, Method: doSignIn, Action: user authenticate, Message: []
18:41:35.136 [Test worker] INFO cl.ejercicio.usecases.dosignin.SignUpCase - Here I Am: Class:DoSignInUseCase, Method: doSignIn, Action: create token user
18:41:35.153 [Test worker] INFO cl.ejercicio.usecases.dosignin.SignUpCase - Here I Am: Class:DoSignInUseCase, Method: doSignIn, Action: update user, Message: 1
18:41:35.153 [Test worker] INFO cl.ejercicio.usecases.dosignin.SignUpCase - Here I Am: Class:DoSignInUseCase, Method: doSignIn, Action: create response, Message: DoSignInResponse{id=1, created='16-02-2020 22:34:26', modified='16-02-2020 22:35:07', lastLogin='16-02-2020 22:35:07', token='eyJhbGciOiJIUzI1NiJ9', active=true}
18:41:35.159 [Test worker] DEBUG org.springframework.test.context.cache.DefaultCacheAwareContextLoaderDelegate - Retrieved ApplicationContext from cache with key [[MergedContextConfiguration@45cf104a testClass = DoSignInTest, locations = '{}', classes = '{}', contextInitializerClasses = '[]', activeProfiles = '{}', propertySourceLocations = '{}', propertySourceProperties = '{}', contextCustomizers = set[org.springframework.boot.test.autoconfigure.properties.PropertyMappingContextCustomizer@0, org.springframework.boot.test.autoconfigure.web.servlet.WebDriverContextCustomizerFactory$Customizer@1906dc24, org.springframework.boot.test.context.filter.ExcludeFilterContextCustomizer@6b8c9445, org.springframework.boot.test.json.DuplicateJsonObjectContextCustomizerFactory$DuplicateJsonObjectContextCustomizer@78dbab1e, org.springframework.boot.test.mock.mockito.MockitoContextCustomizer@b96d5486], contextLoader = 'org.springframework.test.context.support.DelegatingSmartContextLoader', parent = [null]]]
18:41:35.159 [Test worker] DEBUG org.springframework.test.context.cache - Spring test ApplicationContext cache statistics: [DefaultContextCache@20b8af0e size = 1, maxSize = 32, parentContextCount = 0, hitCount = 9, missCount = 1]
18:41:35.159 [Test worker] DEBUG org.springframework.test.context.cache.DefaultCacheAwareContextLoaderDelegate - Retrieved ApplicationContext from cache with key [[MergedContextConfiguration@45cf104a testClass = DoSignInTest, locations = '{}', classes = '{}', contextInitializerClasses = '[]', activeProfiles = '{}', propertySourceLocations = '{}', propertySourceProperties = '{}', contextCustomizers = set[org.springframework.boot.test.autoconfigure.properties.PropertyMappingContextCustomizer@0, org.springframework.boot.test.autoconfigure.web.servlet.WebDriverContextCustomizerFactory$Customizer@1906dc24, org.springframework.boot.test.context.filter.ExcludeFilterContextCustomizer@6b8c9445, org.springframework.boot.test.json.DuplicateJsonObjectContextCustomizerFactory$DuplicateJsonObjectContextCustomizer@78dbab1e, org.springframework.boot.test.mock.mockito.MockitoContextCustomizer@b96d5486], contextLoader = 'org.springframework.test.context.support.DelegatingSmartContextLoader', parent = [null]]]
18:41:35.160 [Test worker] DEBUG org.springframework.test.context.cache - Spring test ApplicationContext cache statistics: [DefaultContextCache@20b8af0e size = 1, maxSize = 32, parentContextCount = 0, hitCount = 10, missCount = 1]
18:41:35.160 [Test worker] DEBUG org.springframework.test.context.cache.DefaultCacheAwareContextLoaderDelegate - Retrieved ApplicationContext from cache with key [[MergedContextConfiguration@45cf104a testClass = DoSignInTest, locations = '{}', classes = '{}', contextInitializerClasses = '[]', activeProfiles = '{}', propertySourceLocations = '{}', propertySourceProperties = '{}', contextCustomizers = set[org.springframework.boot.test.autoconfigure.properties.PropertyMappingContextCustomizer@0, org.springframework.boot.test.autoconfigure.web.servlet.WebDriverContextCustomizerFactory$Customizer@1906dc24, org.springframework.boot.test.context.filter.ExcludeFilterContextCustomizer@6b8c9445, org.springframework.boot.test.json.DuplicateJsonObjectContextCustomizerFactory$DuplicateJsonObjectContextCustomizer@78dbab1e, org.springframework.boot.test.mock.mockito.MockitoContextCustomizer@b96d5486], contextLoader = 'org.springframework.test.context.support.DelegatingSmartContextLoader', parent = [null]]]
18:41:35.160 [Test worker] DEBUG org.springframework.test.context.cache - Spring test ApplicationContext cache statistics: [DefaultContextCache@20b8af0e size = 1, maxSize = 32, parentContextCount = 0, hitCount = 11, missCount = 1]
18:41:35.161 [Test worker] DEBUG org.springframework.test.context.support.AbstractDirtiesContextTestExecutionListener - After test method: context [DefaultTestContext@280e1514 testClass = DoSignInTest, testInstance = cl.ejercicio.usecase.dosignin.DoSignInTest@246021e4, testMethod = itShouldDoSignInWhenApiSuccess@DoSignInTest, testException = [null], mergedContextConfiguration = [MergedContextConfiguration@45cf104a testClass = DoSignInTest, locations = '{}', classes = '{}', contextInitializerClasses = '[]', activeProfiles = '{}', propertySourceLocations = '{}', propertySourceProperties = '{}', contextCustomizers = set[org.springframework.boot.test.autoconfigure.properties.PropertyMappingContextCustomizer@0, org.springframework.boot.test.autoconfigure.web.servlet.WebDriverContextCustomizerFactory$Customizer@1906dc24, org.springframework.boot.test.context.filter.ExcludeFilterContextCustomizer@6b8c9445, org.springframework.boot.test.json.DuplicateJsonObjectContextCustomizerFactory$DuplicateJsonObjectContextCustomizer@78dbab1e, org.springframework.boot.test.mock.mockito.MockitoContextCustomizer@b96d5486], contextLoader = 'org.springframework.test.context.support.DelegatingSmartContextLoader', parent = [null]], attributes = map[[empty]]], class annotated with @DirtiesContext [false] with mode [null], method annotated with @DirtiesContext [false] with mode [null].
18:41:35.161 [Test worker] DEBUG org.springframework.test.context.support.AbstractDirtiesContextTestExecutionListener - After test class: context [DefaultTestContext@280e1514 testClass = DoSignInTest, testInstance = [null], testMethod = [null], testException = [null], mergedContextConfiguration = [MergedContextConfiguration@45cf104a testClass = DoSignInTest, locations = '{}', classes = '{}', contextInitializerClasses = '[]', activeProfiles = '{}', propertySourceLocations = '{}', propertySourceProperties = '{}', contextCustomizers = set[org.springframework.boot.test.autoconfigure.properties.PropertyMappingContextCustomizer@0, org.springframework.boot.test.autoconfigure.web.servlet.WebDriverContextCustomizerFactory$Customizer@1906dc24, org.springframework.boot.test.context.filter.ExcludeFilterContextCustomizer@6b8c9445, org.springframework.boot.test.json.DuplicateJsonObjectContextCustomizerFactory$DuplicateJsonObjectContextCustomizer@78dbab1e, org.springframework.boot.test.mock.mockito.MockitoContextCustomizer@b96d5486], contextLoader = 'org.springframework.test.context.support.DelegatingSmartContextLoader', parent = [null]], attributes = map[[empty]]], class annotated with @DirtiesContext [false] with mode [null].
]]></system-out>
  <system-err><![CDATA[]]></system-err>
</testsuite>
